<?xml version="1.0" encoding="UTF-8"?>
<!-- Generated by org.testng.reporters.JUnitXMLReporter -->
<testsuite ignored="0" hostname="DESKTOP-OJOQL60" failures="0" tests="4" name="Hassantuk" time="184.809" errors="0" timestamp="2020-08-19T13:32:18 GST">
  <testcase classname="Hassantuk_Registration_TestCases.TC_NewRegistration_Passport" name="NewRegistration_Passport_Page1" time="37.53"/>
  <testcase classname="Hassantuk_Registration_TestCases.TC_NewRegistration_Passport" name="NewRegistration_Passport_Page4" time="52.29"/>
  <testcase classname="Hassantuk_Registration_TestCases.TC_NewRegistration_Passport" name="NewRegistration_Passport_Page2" time="23.997"/>
  <testcase classname="Hassantuk_Registration_TestCases.TC_NewRegistration_Passport" name="NewRegistration_Passport_Page3" time="31.225"/>
</testsuite> <!-- Hassantuk -->
