<?xml version="1.0" encoding="UTF-8"?>
<testng-results ignored="0" total="4" passed="4" failed="0" skipped="0">
  <reporter-output>
  </reporter-output>
  <suite started-at="2020-08-19T13:29:13 GST" name="Suite" finished-at="2020-08-19T13:32:18 GST" duration-ms="184809">
    <groups>
    </groups>
    <test started-at="2020-08-19T13:29:13 GST" name="Hassantuk" finished-at="2020-08-19T13:32:18 GST" duration-ms="184809">
      <class name="Hassantuk_Registration_TestCases.TC_NewRegistration_Passport">
        <test-method is-config="true" signature="Setup(java.lang.String)[pri:0, instance:Hassantuk_Registration_TestCases.TC_NewRegistration_Passport@6a400542]" started-at="2020-08-19T13:29:13 GST" name="Setup" finished-at="2020-08-19T13:29:32 GST" duration-ms="18633" status="PASS">
          <params>
            <param index="0">
              <value>
                <![CDATA[Chrome]]>
              </value>
            </param>
          </params>
          <reporter-output>
          </reporter-output>
        </test-method> <!-- Setup -->
        <test-method signature="NewRegistration_Passport_Page1()[pri:1, instance:Hassantuk_Registration_TestCases.TC_NewRegistration_Passport@6a400542]" started-at="2020-08-19T13:29:32 GST" name="NewRegistration_Passport_Page1" finished-at="2020-08-19T13:30:09 GST" duration-ms="37530" status="PASS">
          <reporter-output>
          </reporter-output>
        </test-method> <!-- NewRegistration_Passport_Page1 -->
        <test-method signature="NewRegistration_Passport_Page4()[pri:2, instance:Hassantuk_Registration_TestCases.TC_NewRegistration_Passport@6a400542]" started-at="2020-08-19T13:30:09 GST" name="NewRegistration_Passport_Page4" finished-at="2020-08-19T13:31:02 GST" duration-ms="52290" status="PASS">
          <reporter-output>
          </reporter-output>
        </test-method> <!-- NewRegistration_Passport_Page4 -->
        <test-method signature="NewRegistration_Passport_Page2()[pri:3, instance:Hassantuk_Registration_TestCases.TC_NewRegistration_Passport@6a400542]" started-at="2020-08-19T13:31:02 GST" name="NewRegistration_Passport_Page2" finished-at="2020-08-19T13:31:26 GST" duration-ms="23997" status="PASS">
          <reporter-output>
          </reporter-output>
        </test-method> <!-- NewRegistration_Passport_Page2 -->
        <test-method signature="NewRegistration_Passport_Page3()[pri:4, instance:Hassantuk_Registration_TestCases.TC_NewRegistration_Passport@6a400542]" started-at="2020-08-19T13:31:26 GST" name="NewRegistration_Passport_Page3" finished-at="2020-08-19T13:31:57 GST" duration-ms="31225" status="PASS">
          <reporter-output>
          </reporter-output>
        </test-method> <!-- NewRegistration_Passport_Page3 -->
        <test-method is-config="true" signature="TearDown()[pri:0, instance:Hassantuk_Registration_TestCases.TC_NewRegistration_Passport@6a400542]" started-at="2020-08-19T13:31:57 GST" name="TearDown" finished-at="2020-08-19T13:32:18 GST" duration-ms="21041" status="PASS">
          <reporter-output>
          </reporter-output>
        </test-method> <!-- TearDown -->
      </class> <!-- Hassantuk_Registration_TestCases.TC_NewRegistration_Passport -->
    </test> <!-- Hassantuk -->
  </suite> <!-- Suite -->
</testng-results>
